<?xml version="1.0" encoding="UTF-8"?>
<!-- Generated by org.testng.reporters.JUnitXMLReporter -->
<testsuite ignored="0" hostname="DESKTOP-83U9K5D" failures="0" tests="3" name="Default test" time="0.076" errors="0" timestamp="2023-08-25T11:46:37 IST">
  <testcase classname="TestNg.Testng_example1" name="Tc1" time="0.012"/>
  <testcase classname="TestNg.Testng_example1" name="Tc2" time="0.003"/>
  <testcase classname="TestNg.Testng_example1" name="Tc3" time="0.001"/>
</testsuite> <!-- Default test -->
