<?xml version="1.0" encoding="UTF-8"?>
<testng-results ignored="0" total="3" passed="3" failed="0" skipped="0">
  <reporter-output>
    <line>
      <![CDATA[running test1]]>
    </line>
    <line>
      <![CDATA[running test2]]>
    </line>
    <line>
      <![CDATA[running test3]]>
    </line>
  </reporter-output>
  <suite started-at="2023-08-25T11:46:37 IST" name="Default suite" finished-at="2023-08-25T11:46:37 IST" duration-ms="76">
    <groups>
    </groups>
    <test started-at="2023-08-25T11:46:37 IST" name="Default test" finished-at="2023-08-25T11:46:37 IST" duration-ms="76">
      <class name="TestNg.Testng_example1">
        <test-method signature="Tc1()[pri:0, instance:TestNg.Testng_example1@66498326]" started-at="2023-08-25T11:46:37 IST" name="Tc1" finished-at="2023-08-25T11:46:37 IST" duration-ms="12" status="PASS">
          <reporter-output>
            <line>
              <![CDATA[running test1]]>
            </line>
          </reporter-output>
        </test-method> <!-- Tc1 -->
        <test-method signature="Tc2()[pri:0, instance:TestNg.Testng_example1@66498326]" started-at="2023-08-25T11:46:37 IST" name="Tc2" finished-at="2023-08-25T11:46:37 IST" duration-ms="3" status="PASS">
          <reporter-output>
            <line>
              <![CDATA[running test2]]>
            </line>
          </reporter-output>
        </test-method> <!-- Tc2 -->
        <test-method signature="Tc3()[pri:0, instance:TestNg.Testng_example1@66498326]" started-at="2023-08-25T11:46:37 IST" name="Tc3" finished-at="2023-08-25T11:46:37 IST" duration-ms="1" status="PASS">
          <reporter-output>
            <line>
              <![CDATA[running test3]]>
            </line>
          </reporter-output>
        </test-method> <!-- Tc3 -->
      </class> <!-- TestNg.Testng_example1 -->
    </test> <!-- Default test -->
  </suite> <!-- Default suite -->
</testng-results>
